#
# There is insufficient memory for the Java Runtime Environment to continue.
# Native memory allocation (malloc) failed to allocate 87456 bytes. Error detail: Chunk::new
# Possible reasons:
#   The system is out of physical RAM or swap space
#   This process is running with CompressedOops enabled, and the Java Heap may be blocking the growth of the native heap
# Possible solutions:
#   Reduce memory load on the system
#   Increase physical memory or swap space
#   Check if swap backing store is full
#   Decrease Java heap size (-Xmx/-Xms)
#   Decrease number of Java threads
#   Decrease Java thread stack sizes (-Xss)
#   Set larger code cache with -XX:ReservedCodeCacheSize=
#   JVM is running with Unscaled Compressed Oops mode in which the Java heap is
#     placed in the first 4GB address space. The Java Heap base address is the
#     maximum limit for the native heap growth. Please use -XX:HeapBaseMinAddress
#     to set the Java Heap base and to place the Java Heap above 4GB virtual address.
# This output file may be truncated or incomplete.
#
#  Out of Memory Error (arena.cpp:168), pid=1640, tid=17296
#
# JRE version: OpenJDK Runtime Environment Microsoft-11933218 (21.0.8+9) (build 21.0.8+9-LTS)
# Java VM: OpenJDK 64-Bit Server VM Microsoft-11933218 (21.0.8+9-LTS, mixed mode, sharing, tiered, compressed oops, compressed class ptrs, g1 gc, windows-amd64)
# No core dump will be written. Minidumps are not enabled by default on client versions of Windows
#

---------------  S U M M A R Y ------------

Command Line: -javaagent:C:\Program Files\JetBrains\IntelliJ IDEA Community Edition 2025.2.3\lib\idea_rt.jar=64693 -Dfile.encoding=UTF-8 -Dsun.stdout.encoding=UTF-8 -Dsun.stderr.encoding=UTF-8 com.lucky.disasterguard.DisasterguardApplication

Host: AMD Ryzen 3 3250U with Radeon Graphics         , 4 cores, 3G,  Windows 11 , 64 bit Build 26100 (10.0.26100.7920)
Time: Sat Mar 28 15:13:32 2026 India Standard Time elapsed time: 9265.737681 seconds (0d 2h 34m 25s)

---------------  T H R E A D  ---------------

Current thread (0x00000216d4326780):  JavaThread "C2 CompilerThread0" daemon [_thread_in_native, id=17296, stack(0x00000063af400000,0x00000063af500000) (1024K)]


Current CompileTask:
C2:9265744 6969       4       org.apache.coyote.AbstractProtocol$$Lambda/0x00000216d6983778::run (8 bytes)

Stack: [0x00000063af400000,0x00000063af500000]
Native frames: (J=compiled Java code, j=interpreted, Vv=VM code, C=native code)
V  [jvm.dll+0x6e1729]
V  [jvm.dll+0x8bf47b]
V  [jvm.dll+0x8c19aa]
V  [jvm.dll+0x8c2083]
V  [jvm.dll+0x289fd6]
V  [jvm.dll+0xc903d]
V  [jvm.dll+0xc958c]
V  [jvm.dll+0x30113e]
V  [jvm.dll+0x608897]
V  [jvm.dll+0x25af97]
V  [jvm.dll+0x25332b]
V  [jvm.dll+0x251171]
V  [jvm.dll+0x1d18bf]
V  [jvm.dll+0x260f4a]
V  [jvm.dll+0x25f2b5]
V  [jvm.dll+0x40151d]
V  [jvm.dll+0x86975d]
V  [jvm.dll+0x6dff2d]
C  [ucrtbase.dll+0x37b0]
C  [KERNEL32.DLL+0x2e8d7]
C  [ntdll.dll+0x8c48c]


---------------  P R O C E S S  ---------------

Threads class SMR info:
_java_thread_list=0x000002171a305740, length=29, elements={
0x00000216d431bb80, 0x00000216d431e6e0, 0x00000216d4322c80, 0x00000216d43236d0,
0x00000216d4324fb0, 0x00000216d4325a00, 0x00000216d4326780, 0x00000216d433dcd0,
0x00000216d4415dc0, 0x00000216d46c5870, 0x00000216d46c5ed0, 0x00000216d4507570,
0x00000216d4c07480, 0x000002171a896000, 0x000002171a5d1430, 0x000002171b286160,
0x000002171c2c8e30, 0x000002171c2cb590, 0x000002171c2cbc20, 0x000002171c2ca1e0,
0x000002171c2c94c0, 0x000002171c2c87a0, 0x000002171c2caf00, 0x000002171b166a80,
0x000002171b165d60, 0x000002171b167e30, 0x000002171b1684c0, 0x000002171b1677a0,
0x000002171b167110
}

Java Threads: ( => current thread )
  0x00000216d431bb80 JavaThread "Reference Handler"          daemon [_thread_blocked, id=9228, stack(0x00000063aee00000,0x00000063aef00000) (1024K)]
  0x00000216d431e6e0 JavaThread "Finalizer"                  daemon [_thread_blocked, id=3524, stack(0x00000063aef00000,0x00000063af000000) (1024K)]
  0x00000216d4322c80 JavaThread "Signal Dispatcher"          daemon [_thread_blocked, id=13864, stack(0x00000063af000000,0x00000063af100000) (1024K)]
  0x00000216d43236d0 JavaThread "Attach Listener"            daemon [_thread_blocked, id=4076, stack(0x00000063af100000,0x00000063af200000) (1024K)]
  0x00000216d4324fb0 JavaThread "Service Thread"             daemon [_thread_blocked, id=12048, stack(0x00000063af200000,0x00000063af300000) (1024K)]
  0x00000216d4325a00 JavaThread "Monitor Deflation Thread"   daemon [_thread_blocked, id=1536, stack(0x00000063af300000,0x00000063af400000) (1024K)]
=>0x00000216d4326780 JavaThread "C2 CompilerThread0"         daemon [_thread_in_native, id=17296, stack(0x00000063af400000,0x00000063af500000) (1024K)]
  0x00000216d433dcd0 JavaThread "C1 CompilerThread0"         daemon [_thread_blocked, id=9352, stack(0x00000063af500000,0x00000063af600000) (1024K)]
  0x00000216d4415dc0 JavaThread "Common-Cleaner"             daemon [_thread_blocked, id=17700, stack(0x00000063af600000,0x00000063af700000) (1024K)]
  0x00000216d46c5870 JavaThread "Monitor Ctrl-Break"         daemon [_thread_in_native, id=4536, stack(0x00000063af700000,0x00000063af800000) (1024K)]
  0x00000216d46c5ed0 JavaThread "Notification Thread"        daemon [_thread_blocked, id=15168, stack(0x00000063af800000,0x00000063af900000) (1024K)]
  0x00000216d4507570 JavaThread "Catalina-utility-1"                [_thread_blocked, id=16152, stack(0x00000063afc00000,0x00000063afd00000) (1024K)]
  0x00000216d4c07480 JavaThread "Catalina-utility-2"                [_thread_blocked, id=14808, stack(0x00000063afd00000,0x00000063afe00000) (1024K)]
  0x000002171a896000 JavaThread "container-0"                       [_thread_blocked, id=7984, stack(0x00000063afe00000,0x00000063aff00000) (1024K)]
  0x000002171a5d1430 JavaThread "Cleaner-0"                  daemon [_thread_blocked, id=8172, stack(0x00000063b0100000,0x00000063b0200000) (1024K)]
  0x000002171b286160 JavaThread "HikariPool-1:housekeeper"   daemon [_thread_in_vm, id=5924, stack(0x00000063b0200000,0x00000063b0300000) (1024K)]
  0x000002171c2c8e30 JavaThread "http-nio-8080-exec-1"       daemon [_thread_blocked, id=16604, stack(0x00000063b0400000,0x00000063b0500000) (1024K)]
  0x000002171c2cb590 JavaThread "http-nio-8080-exec-2"       daemon [_thread_blocked, id=8628, stack(0x00000063b0500000,0x00000063b0600000) (1024K)]
  0x000002171c2cbc20 JavaThread "http-nio-8080-exec-3"       daemon [_thread_blocked, id=17144, stack(0x00000063b0600000,0x00000063b0700000) (1024K)]
  0x000002171c2ca1e0 JavaThread "http-nio-8080-exec-4"       daemon [_thread_blocked, id=19904, stack(0x00000063b0700000,0x00000063b0800000) (1024K)]
  0x000002171c2c94c0 JavaThread "http-nio-8080-exec-5"       daemon [_thread_blocked, id=7128, stack(0x00000063b0800000,0x00000063b0900000) (1024K)]
  0x000002171c2c87a0 JavaThread "http-nio-8080-exec-6"       daemon [_thread_blocked, id=3624, stack(0x00000063b0900000,0x00000063b0a00000) (1024K)]
  0x000002171c2caf00 JavaThread "http-nio-8080-exec-7"       daemon [_thread_blocked, id=11204, stack(0x00000063b0a00000,0x00000063b0b00000) (1024K)]
  0x000002171b166a80 JavaThread "http-nio-8080-exec-8"       daemon [_thread_blocked, id=19128, stack(0x00000063b0b00000,0x00000063b0c00000) (1024K)]
  0x000002171b165d60 JavaThread "http-nio-8080-exec-9"       daemon [_thread_blocked, id=19564, stack(0x00000063b0c00000,0x00000063b0d00000) (1024K)]
  0x000002171b167e30 JavaThread "http-nio-8080-exec-10"      daemon [_thread_blocked, id=6516, stack(0x00000063b0d00000,0x00000063b0e00000) (1024K)]
  0x000002171b1684c0 JavaThread "http-nio-8080-Poller"       daemon [_thread_in_native, id=7212, stack(0x00000063b0e00000,0x00000063b0f00000) (1024K)]
  0x000002171b1677a0 JavaThread "http-nio-8080-Acceptor"     daemon [_thread_in_native, id=15188, stack(0x00000063b0f00000,0x00000063b1000000) (1024K)]
  0x000002171b167110 JavaThread "DestroyJavaVM"                     [_thread_blocked, id=17000, stack(0x00000063ae600000,0x00000063ae700000) (1024K)]
Total: 29

Other Threads:
  0x00000216d42ff170 VMThread "VM Thread"                           [id=8748, stack(0x00000063aed00000,0x00000063aee00000) (1024K)]
  0x00000216b979e870 WatcherThread "VM Periodic Task Thread"        [id=18620, stack(0x00000063aec00000,0x00000063aed00000) (1024K)]
  0x00000216b9714b40 WorkerThread "GC Thread#0"                     [id=17964, stack(0x00000063ae700000,0x00000063ae800000) (1024K)]
  0x00000216d4a82b10 WorkerThread "GC Thread#1"                     [id=18024, stack(0x00000063af900000,0x00000063afa00000) (1024K)]
  0x00000216d49e58f0 WorkerThread "GC Thread#2"                     [id=1652, stack(0x00000063afa00000,0x00000063afb00000) (1024K)]
  0x00000216d4ab84d0 WorkerThread "GC Thread#3"                     [id=6100, stack(0x00000063afb00000,0x00000063afc00000) (1024K)]
  0x00000216b972bc80 ConcurrentGCThread "G1 Main Marker"            [id=14784, stack(0x00000063ae800000,0x00000063ae900000) (1024K)]
  0x00000216b972c780 WorkerThread "G1 Conc#0"                       [id=9148, stack(0x00000063ae900000,0x00000063aea00000) (1024K)]
  0x00000216b978a040 ConcurrentGCThread "G1 Refine#0"               [id=12904, stack(0x00000063aea00000,0x00000063aeb00000) (1024K)]
  0x00000216b978aec0 ConcurrentGCThread "G1 Service"                [id=14400, stack(0x00000063aeb00000,0x00000063aec00000) (1024K)]
Total: 10

Threads with active compile tasks:
C2 CompilerThread0  9266285 6969       4       org.apache.coyote.AbstractProtocol$$Lambda/0x00000216d6983778::run (8 bytes)
Total: 1

VM state: not at safepoint (normal execution)

VM Mutex/Monitor currently owned by a thread: None

Heap address: 0x00000000c8c00000, size: 884 MB, Compressed Oops mode: 32-bit

CDS archive(s) mapped at: [0x00000216d5000000-0x00000216d5c80000-0x00000216d5c80000), size 13107200, SharedBaseAddress: 0x00000216d5000000, ArchiveRelocationMode: 1.
Compressed class space mapped at: 0x00000216d6000000-0x0000021716000000, reserved size: 1073741824
Narrow klass base: 0x00000216d5000000, Narrow klass shift: 0, Narrow klass range: 0x100000000

GC Precious Log:
 CardTable entry size: 512
 Card Set container configuration: InlinePtr #cards 5 size 8 Array Of Cards #cards 12 size 40 Howl #buckets 4 coarsen threshold 1843 Howl Bitmap #cards 512 size 80 coarsen threshold 460 Card regions per heap region 1 cards per card region 2048
 CPUs: 4 total, 4 available
 Memory: 3534M
 Large Page Support: Disabled
 NUMA Support: Disabled
 Compressed Oops: Enabled (32-bit)
 Heap Region Size: 1M
 Heap Min Capacity: 8M
 Heap Initial Capacity: 56M
 Heap Max Capacity: 884M
 Pre-touch: Disabled
 Parallel Workers: 4
 Concurrent Workers: 1
 Concurrent Refinement Workers: 4
 Periodic GC: Disabled

Heap:
 garbage-first heap   total 51200K, used 41486K [0x00000000c8c00000, 0x0000000100000000)
  region size 1024K, 12 young (12288K), 2 survivors (2048K)
 Metaspace       used 74003K, committed 74688K, reserved 1114112K
  class space    used 10397K, committed 10688K, reserved 1048576K

Heap Regions: E=young(eden), S=young(survivor), O=old, HS=humongous(starts), HC=humongous(continues), CS=collection set, F=free, TAMS=top-at-mark-start, PB=parsable bottom
|   0|0x00000000c8c00000, 0x00000000c8d00000, 0x00000000c8d00000|100%|HS|  |TAMS 0x00000000c8c00000| PB 0x00000000c8c00000| Complete 
|   1|0x00000000c8d00000, 0x00000000c8e00000, 0x00000000c8e00000|100%|HS|  |TAMS 0x00000000c8d00000| PB 0x00000000c8d00000| Complete 
|   2|0x00000000c8e00000, 0x00000000c8f00000, 0x00000000c8f00000|100%| O|  |TAMS 0x00000000c8e00000| PB 0x00000000c8e00000| Untracked 
|   3|0x00000000c8f00000, 0x00000000c9000000, 0x00000000c9000000|100%| O|  |TAMS 0x00000000c8f00000| PB 0x00000000c8f00000| Untracked 
|   4|0x00000000c9000000, 0x00000000c9100000, 0x00000000c9100000|100%| O|  |TAMS 0x00000000c9000000| PB 0x00000000c9000000| Untracked 
|   5|0x00000000c9100000, 0x00000000c9200000, 0x00000000c9200000|100%| O|  |TAMS 0x00000000c9100000| PB 0x00000000c9100000| Untracked 
|   6|0x00000000c9200000, 0x00000000c9300000, 0x00000000c9300000|100%| O|  |TAMS 0x00000000c9200000| PB 0x00000000c9200000| Untracked 
|   7|0x00000000c9300000, 0x00000000c9400000, 0x00000000c9400000|100%| O|  |TAMS 0x00000000c9300000| PB 0x00000000c9300000| Untracked 
|   8|0x00000000c9400000, 0x00000000c9500000, 0x00000000c9500000|100%| O|  |TAMS 0x00000000c9400000| PB 0x00000000c9400000| Untracked 
|   9|0x00000000c9500000, 0x00000000c9600000, 0x00000000c9600000|100%| O|  |TAMS 0x00000000c9500000| PB 0x00000000c9500000| Untracked 
|  10|0x00000000c9600000, 0x00000000c9700000, 0x00000000c9700000|100%| O|  |TAMS 0x00000000c9600000| PB 0x00000000c9600000| Untracked 
|  11|0x00000000c9700000, 0x00000000c9800000, 0x00000000c9800000|100%| O|  |TAMS 0x00000000c9700000| PB 0x00000000c9700000| Untracked 
|  12|0x00000000c9800000, 0x00000000c9900000, 0x00000000c9900000|100%| O|  |TAMS 0x00000000c9800000| PB 0x00000000c9800000| Untracked 
|  13|0x00000000c9900000, 0x00000000c9a00000, 0x00000000c9a00000|100%| O|  |TAMS 0x00000000c9900000| PB 0x00000000c9900000| Untracked 
|  14|0x00000000c9a00000, 0x00000000c9b00000, 0x00000000c9b00000|100%| O|  |TAMS 0x00000000c9a00000| PB 0x00000000c9a00000| Untracked 
|  15|0x00000000c9b00000, 0x00000000c9c00000, 0x00000000c9c00000|100%| O|  |TAMS 0x00000000c9b00000| PB 0x00000000c9b00000| Untracked 
|  16|0x00000000c9c00000, 0x00000000c9d00000, 0x00000000c9d00000|100%| O|  |TAMS 0x00000000c9c00000| PB 0x00000000c9c00000| Untracked 
|  17|0x00000000c9d00000, 0x00000000c9e00000, 0x00000000c9e00000|100%| O|  |TAMS 0x00000000c9d00000| PB 0x00000000c9d00000| Untracked 
|  18|0x00000000c9e00000, 0x00000000c9f00000, 0x00000000c9f00000|100%| O|  |TAMS 0x00000000c9e00000| PB 0x00000000c9e00000| Untracked 
|  19|0x00000000c9f00000, 0x00000000ca000000, 0x00000000ca000000|100%| O|  |TAMS 0x00000000c9f00000| PB 0x00000000c9f00000| Untracked 
|  20|0x00000000ca000000, 0x00000000ca100000, 0x00000000ca100000|100%| O|  |TAMS 0x00000000ca000000| PB 0x00000000ca000000| Untracked 
|  21|0x00000000ca100000, 0x00000000ca200000, 0x00000000ca200000|100%| O|  |TAMS 0x00000000ca100000| PB 0x00000000ca100000| Untracked 
|  22|0x00000000ca200000, 0x00000000ca300000, 0x00000000ca300000|100%| O|  |TAMS 0x00000000ca200000| PB 0x00000000ca200000| Untracked 
|  23|0x00000000ca300000, 0x00000000ca400000, 0x00000000ca400000|100%| O|  |TAMS 0x00000000ca300000| PB 0x00000000ca300000| Untracked 
|  24|0x00000000ca400000, 0x00000000ca500000, 0x00000000ca500000|100%| O|  |TAMS 0x00000000ca400000| PB 0x00000000ca400000| Untracked 
|  25|0x00000000ca500000, 0x00000000ca600000, 0x00000000ca600000|100%| O|  |TAMS 0x00000000ca500000| PB 0x00000000ca500000| Untracked 
|  26|0x00000000ca600000, 0x00000000ca700000, 0x00000000ca700000|100%| O|  |TAMS 0x00000000ca600000| PB 0x00000000ca600000| Untracked 
|  27|0x00000000ca700000, 0x00000000ca800000, 0x00000000ca800000|100%| O|  |TAMS 0x00000000ca700000| PB 0x00000000ca700000| Untracked 
|  28|0x00000000ca800000, 0x00000000ca800000, 0x00000000ca900000|  0%| F|  |TAMS 0x00000000ca800000| PB 0x00000000ca800000| Untracked 
|  29|0x00000000ca900000, 0x00000000caa00000, 0x00000000caa00000|100%| O|  |TAMS 0x00000000ca900000| PB 0x00000000ca900000| Untracked 
|  30|0x00000000caa00000, 0x00000000caa839b0, 0x00000000cab00000| 51%| O|  |TAMS 0x00000000caa00000| PB 0x00000000caa00000| Untracked 
|  31|0x00000000cab00000, 0x00000000cab00000, 0x00000000cac00000|  0%| F|  |TAMS 0x00000000cab00000| PB 0x00000000cab00000| Untracked 
|  32|0x00000000cac00000, 0x00000000cac00000, 0x00000000cad00000|  0%| F|  |TAMS 0x00000000cac00000| PB 0x00000000cac00000| Untracked 
|  33|0x00000000cad00000, 0x00000000cad00000, 0x00000000cae00000|  0%| F|  |TAMS 0x00000000cad00000| PB 0x00000000cad00000| Untracked 
|  34|0x00000000cae00000, 0x00000000cae00000, 0x00000000caf00000|  0%| F|  |TAMS 0x00000000cae00000| PB 0x00000000cae00000| Untracked 
|  35|0x00000000caf00000, 0x00000000cb000000, 0x00000000cb000000|100%| S|CS|TAMS 0x00000000caf00000| PB 0x00000000caf00000| Complete 
|  36|0x00000000cb000000, 0x00000000cb100000, 0x00000000cb100000|100%| S|CS|TAMS 0x00000000cb000000| PB 0x00000000cb000000| Complete 
|  37|0x00000000cb100000, 0x00000000cb100000, 0x00000000cb200000|  0%| F|  |TAMS 0x00000000cb100000| PB 0x00000000cb100000| Untracked 
|  38|0x00000000cb200000, 0x00000000cb200000, 0x00000000cb300000|  0%| F|  |TAMS 0x00000000cb200000| PB 0x00000000cb200000| Untracked 
|  39|0x00000000cb300000, 0x00000000cb300000, 0x00000000cb400000|  0%| F|  |TAMS 0x00000000cb300000| PB 0x00000000cb300000| Untracked 
|  40|0x00000000cb400000, 0x00000000cb48cec8, 0x00000000cb500000| 55%| E|  |TAMS 0x00000000cb400000| PB 0x00000000cb400000| Complete 
|  41|0x00000000cb500000, 0x00000000cb600000, 0x00000000cb600000|100%| E|CS|TAMS 0x00000000cb500000| PB 0x00000000cb500000| Complete 
|  42|0x00000000cb600000, 0x00000000cb700000, 0x00000000cb700000|100%| E|CS|TAMS 0x00000000cb600000| PB 0x00000000cb600000| Complete 
|  43|0x00000000cb700000, 0x00000000cb800000, 0x00000000cb800000|100%| E|CS|TAMS 0x00000000cb700000| PB 0x00000000cb700000| Complete 
|  44|0x00000000cb800000, 0x00000000cb900000, 0x00000000cb900000|100%| E|CS|TAMS 0x00000000cb800000| PB 0x00000000cb800000| Complete 
|  45|0x00000000cb900000, 0x00000000cba00000, 0x00000000cba00000|100%| E|CS|TAMS 0x00000000cb900000| PB 0x00000000cb900000| Complete 
|  46|0x00000000cba00000, 0x00000000cbb00000, 0x00000000cbb00000|100%| E|CS|TAMS 0x00000000cba00000| PB 0x00000000cba00000| Complete 
|  47|0x00000000cbb00000, 0x00000000cbc00000, 0x00000000cbc00000|100%| E|CS|TAMS 0x00000000cbb00000| PB 0x00000000cbb00000| Complete 
|  48|0x00000000cbc00000, 0x00000000cbd00000, 0x00000000cbd00000|100%| E|CS|TAMS 0x00000000cbc00000| PB 0x00000000cbc00000| Complete 
|  51|0x00000000cbf00000, 0x00000000cc000000, 0x00000000cc000000|100%| E|CS|TAMS 0x00000000cbf00000| PB 0x00000000cbf00000| Complete 

Card table byte_map: [0x00000216d0de0000,0x00000216d0fa0000] _byte_map_base: 0x00000216d079a000

Marking Bits: (CMBitMap*) 0x00000216b9715240
 Bits: [0x00000216d0fa0000, 0x00000216d1d70000)

Polling page: 0x00000216b75c0000

Metaspace:

Usage:
  Non-class:     62.12 MB used.
      Class:     10.15 MB used.
       Both:     72.27 MB used.

Virtual space:
  Non-class space:       64.00 MB reserved,      62.50 MB ( 98%) committed,  1 nodes.
      Class space:        1.00 GB reserved,      10.44 MB (  1%) committed,  1 nodes.
             Both:        1.06 GB reserved,      72.94 MB (  7%) committed. 

Chunk freelists:
   Non-Class:  1.39 MB
       Class:  5.56 MB
        Both:  6.95 MB

MaxMetaspaceSize: unlimited
CompressedClassSpaceSize: 1.00 GB
Initial GC threshold: 21.00 MB
Current GC threshold: 110.00 MB
CDS: on
 - commit_granule_bytes: 65536.
 - commit_granule_words: 8192.
 - virtual_space_node_default_size: 8388608.
 - enlarge_chunks_in_place: 1.
 - use_allocation_guard: 0.


Internal statistics:

num_allocs_failed_limit: 12.
num_arena_births: 982.
num_arena_deaths: 0.
num_vsnodes_births: 2.
num_vsnodes_deaths: 0.
num_space_committed: 1167.
num_space_uncommitted: 0.
num_chunks_returned_to_freelist: 12.
num_chunks_taken_from_freelist: 3632.
num_chunk_merges: 12.
num_chunk_splits: 2669.
num_chunks_enlarged: 2147.
num_inconsistent_stats: 0.

CodeHeap 'non-profiled nmethods': size=120000Kb used=4020Kb max_used=4020Kb free=115979Kb
 bounds [0x00000216c98b0000, 0x00000216c9ca0000, 0x00000216d0de0000]
CodeHeap 'profiled nmethods': size=120000Kb used=11366Kb max_used=11366Kb free=108633Kb
 bounds [0x00000216c1de0000, 0x00000216c2900000, 0x00000216c9310000]
CodeHeap 'non-nmethods': size=5760Kb used=1683Kb max_used=1708Kb free=4077Kb
 bounds [0x00000216c9310000, 0x00000216c9580000, 0x00000216c98b0000]
CodeCache: size=245760Kb, used=17069Kb, max_used=17094Kb, free=228689Kb
 total_blobs=6741, nmethods=6023, adapters=622, full_count=0
Compilation: enabled, stopped_count=0, restarted_count=0

Compilation events (20 events):
Event: 4897.734 Thread 0x00000216d4326780 nmethod 6960 0x00000216c9c99790 code [0x00000216c9c99920, 0x00000216c9c99aa0]
Event: 4923.255 Thread 0x00000216d4326780 6962   !   4       java.util.concurrent.ConcurrentHashMap::computeIfAbsent (576 bytes)
Event: 4923.290 Thread 0x00000216d433dcd0 6963       3       java.lang.String::split (242 bytes)
Event: 4923.386 Thread 0x00000216d433dcd0 nmethod 6963 0x00000216c28f2610 code [0x00000216c28f2a00, 0x00000216c28f4f70]
Event: 4923.492 Thread 0x00000216d4326780 nmethod 6962 0x00000216c9c99b90 code [0x00000216c9c99de0, 0x00000216c9c9b0f8]
Event: 4952.385 Thread 0x00000216d433dcd0 6964       1       java.net.InetSocketAddress$InetSocketAddressHolder::getAddress (5 bytes)
Event: 4952.388 Thread 0x00000216d433dcd0 nmethod 6964 0x00000216c9c9ba90 code [0x00000216c9c9bc20, 0x00000216c9c9bce8]
Event: 4952.441 Thread 0x00000216d4326780 6965   !   4       java.util.Collections$SynchronizedMap::put (28 bytes)
Event: 4952.470 Thread 0x00000216d4326780 nmethod 6965 0x00000216c9c9bd90 code [0x00000216c9c9bfa0, 0x00000216c9c9ccd8]
Event: 5101.889 Thread 0x00000216d433dcd0 6966   !   3       sun.security.jca.GetInstance::getInstance (130 bytes)
Event: 5101.984 Thread 0x00000216d433dcd0 nmethod 6966 0x00000216c28f5c10 code [0x00000216c28f5f60, 0x00000216c28f70f0]
Event: 5101.985 Thread 0x00000216d433dcd0 6967       3       sun.security.jca.ProviderList::getService (122 bytes)
Event: 5102.022 Thread 0x00000216d433dcd0 nmethod 6967 0x00000216c28f7790 code [0x00000216c28f7a40, 0x00000216c28f8790]
Event: 5102.022 Thread 0x00000216d433dcd0 6968       3       java.security.MessageDigest::getInstance (119 bytes)
Event: 5102.030 Thread 0x00000216d433dcd0 nmethod 6968 0x00000216c28f8d10 code [0x00000216c28f8f20, 0x00000216c28f95b0]
Event: 9262.893 Thread 0x00000216d4326780 6969       4       org.apache.coyote.AbstractProtocol$$Lambda/0x00000216d6983778::run (8 bytes)
Event: 9264.076 Thread 0x00000216d433dcd0 6971   !   3       java.util.concurrent.locks.LockSupport::park (47 bytes)
Event: 9264.471 Thread 0x00000216d433dcd0 nmethod 6971 0x00000216c28f9790 code [0x00000216c28f9980, 0x00000216c28f9d78]
Event: 9264.473 Thread 0x00000216d433dcd0 6972       3       java.util.concurrent.locks.AbstractQueuedSynchronizer::acquireInterruptibly (36 bytes)
Event: 9264.574 Thread 0x00000216d433dcd0 nmethod 6972 0x00000216c28f9f10 code [0x00000216c28fa120, 0x00000216c28fa6b8]

GC Heap History (20 events):
Event: 16.192 GC heap before
{Heap before GC invocations=10 (full 0):
 garbage-first heap   total 51200K, used 43388K [0x00000000c8c00000, 0x0000000100000000)
  region size 1024K, 24 young (24576K), 1 survivors (1024K)
 Metaspace       used 42325K, committed 42880K, reserved 1114112K
  class space    used 5649K, committed 5888K, reserved 1048576K
}
Event: 16.197 GC heap after
{Heap after GC invocations=11 (full 0):
 garbage-first heap   total 51200K, used 21542K [0x00000000c8c00000, 0x0000000100000000)
  region size 1024K, 3 young (3072K), 3 survivors (3072K)
 Metaspace       used 42325K, committed 42880K, reserved 1114112K
  class space    used 5649K, committed 5888K, reserved 1048576K
}
Event: 17.179 GC heap before
{Heap before GC invocations=11 (full 0):
 garbage-first heap   total 51200K, used 43046K [0x00000000c8c00000, 0x0000000100000000)
  region size 1024K, 25 young (25600K), 3 survivors (3072K)
 Metaspace       used 49246K, committed 49856K, reserved 1114112K
  class space    used 6649K, committed 6912K, reserved 1048576K
}
Event: 17.189 GC heap after
{Heap after GC invocations=12 (full 0):
 garbage-first heap   total 51200K, used 22869K [0x00000000c8c00000, 0x0000000100000000)
  region size 1024K, 4 young (4096K), 4 survivors (4096K)
 Metaspace       used 49246K, committed 49856K, reserved 1114112K
  class space    used 6649K, committed 6912K, reserved 1048576K
}
Event: 18.359 GC heap before
{Heap before GC invocations=12 (full 0):
 garbage-first heap   total 51200K, used 42325K [0x00000000c8c00000, 0x0000000100000000)
  region size 1024K, 23 young (23552K), 4 survivors (4096K)
 Metaspace       used 54691K, committed 55360K, reserved 1114112K
  class space    used 7499K, committed 7808K, reserved 1048576K
}
Event: 18.364 GC heap after
{Heap after GC invocations=13 (full 0):
 garbage-first heap   total 51200K, used 23868K [0x00000000c8c00000, 0x0000000100000000)
  region size 1024K, 3 young (3072K), 3 survivors (3072K)
 Metaspace       used 54691K, committed 55360K, reserved 1114112K
  class space    used 7499K, committed 7808K, reserved 1048576K
}
Event: 19.211 GC heap before
{Heap before GC invocations=13 (full 0):
 garbage-first heap   total 51200K, used 44348K [0x00000000c8c00000, 0x0000000100000000)
  region size 1024K, 23 young (23552K), 3 survivors (3072K)
 Metaspace       used 59215K, committed 59776K, reserved 1114112K
  class space    used 8065K, committed 8320K, reserved 1048576K
}
Event: 19.218 GC heap after
{Heap after GC invocations=14 (full 0):
 garbage-first heap   total 51200K, used 25873K [0x00000000c8c00000, 0x0000000100000000)
  region size 1024K, 3 young (3072K), 3 survivors (3072K)
 Metaspace       used 59215K, committed 59776K, reserved 1114112K
  class space    used 8065K, committed 8320K, reserved 1048576K
}
Event: 19.301 GC heap before
{Heap before GC invocations=14 (full 0):
 garbage-first heap   total 51200K, used 27921K [0x00000000c8c00000, 0x0000000100000000)
  region size 1024K, 6 young (6144K), 3 survivors (3072K)
 Metaspace       used 59876K, committed 60416K, reserved 1114112K
  class space    used 8263K, committed 8512K, reserved 1048576K
}
Event: 19.306 GC heap after
{Heap after GC invocations=15 (full 0):
 garbage-first heap   total 51200K, used 26280K [0x00000000c8c00000, 0x0000000100000000)
  region size 1024K, 1 young (1024K), 1 survivors (1024K)
 Metaspace       used 59876K, committed 60416K, reserved 1114112K
  class space    used 8263K, committed 8512K, reserved 1048576K
}
Event: 19.780 GC heap before
{Heap before GC invocations=16 (full 0):
 garbage-first heap   total 51200K, used 44712K [0x00000000c8c00000, 0x0000000100000000)
  region size 1024K, 20 young (20480K), 1 survivors (1024K)
 Metaspace       used 60909K, committed 61504K, reserved 1114112K
  class space    used 8497K, committed 8768K, reserved 1048576K
}
Event: 19.783 GC heap after
{Heap after GC invocations=17 (full 0):
 garbage-first heap   total 51200K, used 27135K [0x00000000c8c00000, 0x0000000100000000)
  region size 1024K, 2 young (2048K), 2 survivors (2048K)
 Metaspace       used 60909K, committed 61504K, reserved 1114112K
  class space    used 8497K, committed 8768K, reserved 1048576K
}
Event: 20.460 GC heap before
{Heap before GC invocations=17 (full 0):
 garbage-first heap   total 51200K, used 43519K [0x00000000c8c00000, 0x0000000100000000)
  region size 1024K, 19 young (19456K), 2 survivors (2048K)
 Metaspace       used 64130K, committed 64768K, reserved 1114112K
  class space    used 9094K, committed 9344K, reserved 1048576K
}
Event: 20.466 GC heap after
{Heap after GC invocations=18 (full 0):
 garbage-first heap   total 51200K, used 28592K [0x00000000c8c00000, 0x0000000100000000)
  region size 1024K, 3 young (3072K), 3 survivors (3072K)
 Metaspace       used 64130K, committed 64768K, reserved 1114112K
  class space    used 9094K, committed 9344K, reserved 1048576K
}
Event: 21.662 GC heap before
{Heap before GC invocations=18 (full 0):
 garbage-first heap   total 51200K, used 42928K [0x00000000c8c00000, 0x0000000100000000)
  region size 1024K, 18 young (18432K), 3 survivors (3072K)
 Metaspace       used 66681K, committed 67328K, reserved 1114112K
  class space    used 9429K, committed 9728K, reserved 1048576K
}
Event: 21.671 GC heap after
{Heap after GC invocations=19 (full 0):
 garbage-first heap   total 51200K, used 30543K [0x00000000c8c00000, 0x0000000100000000)
  region size 1024K, 2 young (2048K), 2 survivors (2048K)
 Metaspace       used 66681K, committed 67328K, reserved 1114112K
  class space    used 9429K, committed 9728K, reserved 1048576K
}
Event: 521.400 GC heap before
{Heap before GC invocations=20 (full 0):
 garbage-first heap   total 51200K, used 44879K [0x00000000c8c00000, 0x0000000100000000)
  region size 1024K, 17 young (17408K), 2 survivors (2048K)
 Metaspace       used 71182K, committed 71872K, reserved 1114112K
  class space    used 10040K, committed 10368K, reserved 1048576K
}
Event: 521.457 GC heap after
{Heap after GC invocations=21 (full 0):
 garbage-first heap   total 51200K, used 31425K [0x00000000c8c00000, 0x0000000100000000)
  region size 1024K, 2 young (2048K), 2 survivors (2048K)
 Metaspace       used 71182K, committed 71872K, reserved 1114112K
  class space    used 10040K, committed 10368K, reserved 1048576K
}
Event: 3048.575 GC heap before
{Heap before GC invocations=21 (full 0):
 garbage-first heap   total 51200K, used 43713K [0x00000000c8c00000, 0x0000000100000000)
  region size 1024K, 15 young (15360K), 2 survivors (2048K)
 Metaspace       used 73255K, committed 73984K, reserved 1114112K
  class space    used 10307K, committed 10624K, reserved 1048576K
}
Event: 3048.848 GC heap after
{Heap after GC invocations=22 (full 0):
 garbage-first heap   total 51200K, used 32270K [0x00000000c8c00000, 0x0000000100000000)
  region size 1024K, 2 young (2048K), 2 survivors (2048K)
 Metaspace       used 73255K, committed 73984K, reserved 1114112K
  class space    used 10307K, committed 10624K, reserved 1048576K
}

Dll operation events (12 events):
Event: 0.026 Loaded shared library C:\Users\user\.jdks\ms-21.0.8\bin\java.dll
Event: 0.087 Loaded shared library C:\Users\user\.jdks\ms-21.0.8\bin\jsvml.dll
Event: 0.340 Loaded shared library C:\Users\user\.jdks\ms-21.0.8\bin\zip.dll
Event: 0.348 Loaded shared library C:\Users\user\.jdks\ms-21.0.8\bin\instrument.dll
Event: 0.361 Loaded shared library C:\Users\user\.jdks\ms-21.0.8\bin\net.dll
Event: 0.365 Loaded shared library C:\Users\user\.jdks\ms-21.0.8\bin\nio.dll
Event: 0.373 Loaded shared library C:\Users\user\.jdks\ms-21.0.8\bin\zip.dll
Event: 0.953 Loaded shared library C:\Users\user\.jdks\ms-21.0.8\bin\extnet.dll
Event: 1.086 Loaded shared library C:\Users\user\.jdks\ms-21.0.8\bin\jimage.dll
Event: 5.656 Loaded shared library C:\Users\user\.jdks\ms-21.0.8\bin\sunmscapi.dll
Event: 9.543 Loaded shared library C:\Users\user\.jdks\ms-21.0.8\bin\management.dll
Event: 9.546 Loaded shared library C:\Users\user\.jdks\ms-21.0.8\bin\management_ext.dll

Deoptimization events (20 events):
Event: 3893.039 Thread 0x00000216d4507570 Uncommon trap: trap_request=0xffffffd6 fr.pc=0x00000216c9c81950 relative=0x00000000000020d0
Event: 3893.039 Thread 0x00000216d4507570 Uncommon trap: reason=array_check action=maybe_recompile pc=0x00000216c9c81950 method=java.util.concurrent.ScheduledThreadPoolExecutor$DelayedWorkQueue.siftDown(ILjava/util/concurrent/RunnableScheduledFuture;)V @ 93 c2
Event: 3893.039 Thread 0x00000216d4507570 DEOPT PACKING pc=0x00000216c9c81950 sp=0x00000063afcff430
Event: 3893.039 Thread 0x00000216d4507570 DEOPT UNPACKING pc=0x00000216c93646a2 sp=0x00000063afcff218 mode 2
Event: 3893.040 Thread 0x00000216d4507570 Uncommon trap: trap_request=0xffffffd6 fr.pc=0x00000216c9c86940 relative=0x0000000000000e00
Event: 3893.040 Thread 0x00000216d4507570 Uncommon trap: reason=array_check action=maybe_recompile pc=0x00000216c9c86940 method=java.util.concurrent.ScheduledThreadPoolExecutor$DelayedWorkQueue.siftUp(ILjava/util/concurrent/RunnableScheduledFuture;)V @ 57 c2
Event: 3893.040 Thread 0x00000216d4507570 DEOPT PACKING pc=0x00000216c9c86940 sp=0x00000063afcff390
Event: 3893.040 Thread 0x00000216d4507570 DEOPT UNPACKING pc=0x00000216c93646a2 sp=0x00000063afcff200 mode 2
Event: 3894.043 Thread 0x00000216d4507570 Uncommon trap: trap_request=0xffffffd6 fr.pc=0x00000216c9c86940 relative=0x0000000000000e00
Event: 3894.043 Thread 0x00000216d4507570 Uncommon trap: reason=array_check action=maybe_recompile pc=0x00000216c9c86940 method=java.util.concurrent.ScheduledThreadPoolExecutor$DelayedWorkQueue.siftUp(ILjava/util/concurrent/RunnableScheduledFuture;)V @ 57 c2
Event: 3894.043 Thread 0x00000216d4507570 DEOPT PACKING pc=0x00000216c9c86940 sp=0x00000063afcff390
Event: 3894.043 Thread 0x00000216d4507570 DEOPT UNPACKING pc=0x00000216c93646a2 sp=0x00000063afcff200 mode 2
Event: 3918.037 Thread 0x00000216d4c07480 Uncommon trap: trap_request=0xffffffd6 fr.pc=0x00000216c9c8a324 relative=0x0000000000000504
Event: 3918.045 Thread 0x00000216d4c07480 Uncommon trap: reason=array_check action=maybe_recompile pc=0x00000216c9c8a324 method=java.util.concurrent.ScheduledThreadPoolExecutor$DelayedWorkQueue.siftDown(ILjava/util/concurrent/RunnableScheduledFuture;)V @ 112 c2
Event: 3918.048 Thread 0x00000216d4c07480 DEOPT PACKING pc=0x00000216c9c8a324 sp=0x00000063afdfece0
Event: 3918.051 Thread 0x00000216d4c07480 DEOPT UNPACKING pc=0x00000216c93646a2 sp=0x00000063afdfec88 mode 2
Event: 3919.035 Thread 0x00000216d4507570 Uncommon trap: trap_request=0xffffffd6 fr.pc=0x00000216c9c8a324 relative=0x0000000000000504
Event: 3919.035 Thread 0x00000216d4507570 Uncommon trap: reason=array_check action=maybe_recompile pc=0x00000216c9c8a324 method=java.util.concurrent.ScheduledThreadPoolExecutor$DelayedWorkQueue.siftDown(ILjava/util/concurrent/RunnableScheduledFuture;)V @ 112 c2
Event: 3919.035 Thread 0x00000216d4507570 DEOPT PACKING pc=0x00000216c9c8a324 sp=0x00000063afcff220
Event: 3919.035 Thread 0x00000216d4507570 DEOPT UNPACKING pc=0x00000216c93646a2 sp=0x00000063afcff1c8 mode 2

Classes loaded (20 events):
Event: 521.657 Loading class java/util/stream/LongStream
Event: 521.664 Loading class java/util/stream/LongStream done
Event: 521.664 Loading class java/util/stream/DoubleStream
Event: 521.667 Loading class java/util/stream/DoubleStream done
Event: 703.528 Loading class java/util/stream/ReferencePipeline$4
Event: 703.556 Loading class java/util/stream/ReferencePipeline$4 done
Event: 703.563 Loading class java/util/function/IntBinaryOperator
Event: 703.570 Loading class java/util/function/IntBinaryOperator done
Event: 703.578 Loading class java/util/stream/ReduceOps$7
Event: 703.589 Loading class java/util/stream/ReduceOps$7 done
Event: 703.591 Loading class java/util/stream/ReduceOps$6ReducingSink
Event: 703.605 Loading class java/util/stream/ReduceOps$6ReducingSink done
Event: 703.605 Loading class java/util/stream/ReferencePipeline$4$1
Event: 703.612 Loading class java/util/stream/ReferencePipeline$4$1 done
Event: 892.325 Loading class java/util/zip/DeflaterOutputStream
Event: 892.337 Loading class java/util/zip/DeflaterOutputStream done
Event: 892.343 Loading class java/util/zip/GZIPInputStream
Event: 892.356 Loading class java/util/zip/GZIPInputStream done
Event: 892.358 Loading class java/util/zip/GZIPOutputStream
Event: 892.361 Loading class java/util/zip/GZIPOutputStream done

Classes unloaded (0 events):
No events

Classes redefined (0 events):
No events

Internal exceptions (20 events):
Event: 20.735 Thread 0x00000216b96def20 Exception <a 'java/lang/NoSuchMethodError'{0x00000000cbbfd910}: 'java.lang.Object java.lang.invoke.DirectMethodHandle$Holder.invokeStatic(java.lang.Object, int, java.lang.Object, java.lang.Object)'> (0x00000000cbbfd910) 
thrown [s\src\hotspot\share\interpreter\linkResolver.cpp, line 773]
Event: 20.735 Thread 0x00000216b96def20 Exception <a 'java/lang/NoSuchMethodError'{0x00000000cba02030}: 'java.lang.Object java.lang.invoke.DirectMethodHandle$Holder.invokeSpecial(java.lang.Object, java.lang.Object, int, java.lang.Object, java.lang.Object)'> (0x00000000cba02030) 
thrown [s\src\hotspot\share\interpreter\linkResolver.cpp, line 773]
Event: 20.736 Thread 0x00000216b96def20 Exception <a 'java/lang/NoSuchMethodError'{0x00000000cba05cd8}: 'java.lang.Object java.lang.invoke.DelegatingMethodHandle$Holder.delegate(java.lang.Object, int, java.lang.Object, java.lang.Object)'> (0x00000000cba05cd8) 
thrown [s\src\hotspot\share\interpreter\linkResolver.cpp, line 773]
Event: 20.741 Thread 0x00000216b96def20 Exception <a 'java/lang/NoSuchMethodError'{0x00000000cba15660}: 'int java.lang.invoke.Invokers$Holder.linkToTargetMethod(java.lang.Object, java.lang.Object, java.lang.Object)'> (0x00000000cba15660) 
thrown [s\src\hotspot\share\interpreter\linkResolver.cpp, line 773]
Event: 20.970 Thread 0x00000216b96def20 Exception <a 'java/lang/IncompatibleClassChangeError'{0x00000000cb8f5c90}: Found class java.lang.Object, but interface was expected> (0x00000000cb8f5c90) 
thrown [s\src\hotspot\share\interpreter\linkResolver.cpp, line 840]
Event: 21.338 Thread 0x00000216b96def20 Exception <a 'java/lang/IncompatibleClassChangeError'{0x00000000cb3c3f28}: Found class java.lang.Object, but interface was expected> (0x00000000cb3c3f28) 
thrown [s\src\hotspot\share\interpreter\linkResolver.cpp, line 840]
Event: 21.366 Thread 0x00000216b96def20 Implicit null exception at 0x00000216c9a06942 to 0x00000216c9a069b8
Event: 21.430 Thread 0x00000216b96def20 Exception <a 'java/lang/NoSuchMethodError'{0x00000000cb117320}: 'java.lang.Object java.lang.invoke.Invokers$Holder.invoke_MT(java.lang.Object, java.lang.Object, java.lang.Object, java.lang.Object, java.lang.Object, java.lang.Object, java.lang.Object, java.lang.Object, java.lang.Object, java.lang.Object, java.lang.Object)'> (0x00000000cb117320) 
thrown [s\src\hotspot\share\interpreter\linkResolver.cpp, line 773]
Event: 21.615 Thread 0x00000216b96def20 Exception <a 'java/lang/NoSuchMethodError'{0x00000000caf855e8}: 'java.lang.Object java.lang.invoke.DirectMethodHandle$Holder.newInvokeSpecial(java.lang.Object, java.lang.Object, int, java.lang.Object, java.lang.Object)'> (0x00000000caf855e8) 
thrown [s\src\hotspot\share\interpreter\linkResolver.cpp, line 773]
Event: 510.305 Thread 0x000002171b1677a0 Exception <a 'java/lang/NoSuchMethodError'{0x00000000cbb462c0}: 'java.lang.Object java.lang.invoke.DirectMethodHandle$Holder.invokeStatic(java.lang.Object, java.lang.Object, java.lang.Object, int, int)'> (0x00000000cbb462c0) 
thrown [s\src\hotspot\share\interpreter\linkResolver.cpp, line 773]
Event: 510.360 Thread 0x000002171b1677a0 Exception <a 'java/lang/NoSuchMethodError'{0x00000000cbb49a28}: 'java.lang.Object java.lang.invoke.DirectMethodHandle$Holder.invokeStaticInit(java.lang.Object, java.lang.Object, java.lang.Object, int, int)'> (0x00000000cbb49a28) 
thrown [s\src\hotspot\share\interpreter\linkResolver.cpp, line 773]
Event: 512.582 Thread 0x000002171c2c8e30 Exception <a 'java/lang/NoSuchMethodError'{0x00000000cba93538}: 'java.lang.Object java.lang.invoke.DirectMethodHandle$Holder.invokeSpecial(java.lang.Object, java.lang.Object, java.lang.Object, java.lang.Object, java.lang.Object, long)'> (0x00000000cba93538) 
thrown [s\src\hotspot\share\interpreter\linkResolver.cpp, line 773]
Event: 512.584 Thread 0x000002171c2c8e30 Exception <a 'java/lang/NoSuchMethodError'{0x00000000cba96cc0}: 'java.lang.Object java.lang.invoke.Invokers$Holder.linkToTargetMethod(java.lang.Object, java.lang.Object, java.lang.Object, long, java.lang.Object)'> (0x00000000cba96cc0) 
thrown [s\src\hotspot\share\interpreter\linkResolver.cpp, line 773]
Event: 521.058 Thread 0x000002171c2c8e30 Exception <a 'java/lang/NoSuchMethodError'{0x00000000cb044908}: 'void java.lang.invoke.DirectMethodHandle$Holder.invokeSpecialIFC(java.lang.Object, java.lang.Object, int, java.lang.Object, java.lang.Object, java.lang.Object, java.lang.Object)'> (0x00000000cb044908) 
thrown [s\src\hotspot\share\interpreter\linkResolver.cpp, line 773]
Event: 893.380 Thread 0x000002171b167e30 Exception <a 'java/lang/NoSuchMethodError'{0x00000000cb728f08}: 'int java.lang.invoke.DirectMethodHandle$Holder.invokeStatic(java.lang.Object, java.lang.Object, int, int)'> (0x00000000cb728f08) 
thrown [s\src\hotspot\share\interpreter\linkResolver.cpp, line 773]
Event: 893.566 Thread 0x000002171b167e30 Exception <a 'java/lang/NoSuchMethodError'{0x00000000cb796d48}: 'java.lang.Object java.lang.invoke.DirectMethodHandle$Holder.invokeInterface(java.lang.Object, java.lang.Object, java.lang.Object, java.lang.Object)'> (0x00000000cb796d48) 
thrown [s\src\hotspot\share\interpreter\linkResolver.cpp, line 773]
Event: 3749.566 Thread 0x000002171c2cbc20 Exception <a 'java/lang/IncompatibleClassChangeError'{0x00000000cb955e30}: Found class java.lang.Object, but interface was expected> (0x00000000cb955e30) 
thrown [s\src\hotspot\share\interpreter\linkResolver.cpp, line 840]
Event: 3749.802 Thread 0x000002171c2cbc20 Exception <a 'java/lang/IncompatibleClassChangeError'{0x00000000cb9848b0}: Found class java.lang.Object, but interface was expected> (0x00000000cb9848b0) 
thrown [s\src\hotspot\share\interpreter\linkResolver.cpp, line 840]
Event: 3772.085 Thread 0x000002171c2c87a0 Exception <a 'java/lang/NoSuchMethodError'{0x00000000cb9facf8}: 'java.lang.Object java.lang.invoke.DirectMethodHandle$Holder.invokeInterface(java.lang.Object, java.lang.Object, java.lang.Object, java.lang.Object, java.lang.Object)'> (0x00000000cb9facf8) 
thrown [s\src\hotspot\share\interpreter\linkResolver.cpp, line 773]
Event: 3772.269 Thread 0x000002171c2c87a0 Exception <a 'java/lang/NoSuchMethodError'{0x00000000cb85f2a0}: 'int java.lang.invoke.DirectMethodHandle$Holder.invokeStatic(java.lang.Object, java.lang.Object, int, java.lang.Object)'> (0x00000000cb85f2a0) 
thrown [s\src\hotspot\share\interpreter\linkResolver.cpp, line 773]

ZGC Phase Switch (0 events):
No events

VM Operations (20 events):
Event: 4258.311 Executing VM operation: Cleanup
Event: 4258.314 Executing VM operation: Cleanup done
Event: 4383.265 Executing VM operation: Cleanup
Event: 4383.274 Executing VM operation: Cleanup done
Event: 4391.361 Executing VM operation: Cleanup
Event: 4391.361 Executing VM operation: Cleanup done
Event: 4426.623 Executing VM operation: Cleanup
Event: 4426.623 Executing VM operation: Cleanup done
Event: 4439.723 Executing VM operation: Cleanup
Event: 4439.723 Executing VM operation: Cleanup done
Event: 4440.732 Executing VM operation: Cleanup
Event: 4440.732 Executing VM operation: Cleanup done
Event: 4619.161 Executing VM operation: Cleanup
Event: 4619.183 Executing VM operation: Cleanup done
Event: 4923.655 Executing VM operation: Cleanup
Event: 4923.660 Executing VM operation: Cleanup done
Event: 4952.858 Executing VM operation: Cleanup
Event: 4952.858 Executing VM operation: Cleanup done
Event: 5102.990 Executing VM operation: Cleanup
Event: 5102.994 Executing VM operation: Cleanup done

Memory protections (0 events):
No events

Nmethod flushes (20 events):
Event: 21.761 Thread 0x00000216d42ff170 flushing  nmethod 0x00000216c1fb8390
Event: 21.761 Thread 0x00000216d42ff170 flushing  nmethod 0x00000216c1fba410
Event: 21.761 Thread 0x00000216d42ff170 flushing  nmethod 0x00000216c1fbc190
Event: 21.761 Thread 0x00000216d42ff170 flushing  nmethod 0x00000216c1fbc890
Event: 21.761 Thread 0x00000216d42ff170 flushing  nmethod 0x00000216c2009d10
Event: 21.761 Thread 0x00000216d42ff170 flushing  nmethod 0x00000216c207f990
Event: 21.761 Thread 0x00000216d42ff170 flushing  nmethod 0x00000216c20e0d10
Event: 21.761 Thread 0x00000216d42ff170 flushing  nmethod 0x00000216c212d090
Event: 21.761 Thread 0x00000216d42ff170 flushing  nmethod 0x00000216c2131c90
Event: 21.761 Thread 0x00000216d42ff170 flushing  nmethod 0x00000216c2165310
Event: 21.761 Thread 0x00000216d42ff170 flushing  nmethod 0x00000216c2165d10
Event: 21.761 Thread 0x00000216d42ff170 flushing  nmethod 0x00000216c2182e10
Event: 21.761 Thread 0x00000216d42ff170 flushing  nmethod 0x00000216c21bf410
Event: 21.761 Thread 0x00000216d42ff170 flushing  nmethod 0x00000216c21d5590
Event: 21.761 Thread 0x00000216d42ff170 flushing  nmethod 0x00000216c2272790
Event: 21.761 Thread 0x00000216d42ff170 flushing  nmethod 0x00000216c2396410
Event: 21.761 Thread 0x00000216d42ff170 flushing  nmethod 0x00000216c23b2f90
Event: 21.761 Thread 0x00000216d42ff170 flushing  nmethod 0x00000216c25a3410
Event: 21.761 Thread 0x00000216d42ff170 flushing  nmethod 0x00000216c25d6310
Event: 21.761 Thread 0x00000216d42ff170 flushing  nmethod 0x00000216c2603510

Events (20 events):
Event: 4834.316 Thread 0x000002171b286160 Thread added: 0x000002171b1656d0
Event: 4834.406 Thread 0x000002171b1656d0 Thread added: 0x000002171b16c660
Event: 4839.429 Thread 0x000002171b1656d0 Thread exited: 0x000002171b1656d0
Event: 4839.748 Thread 0x000002171b16c660 Thread exited: 0x000002171b16c660
Event: 4897.585 Thread 0x000002171b286160 Thread added: 0x000002171b1656d0
Event: 4897.594 Thread 0x000002171b1656d0 Thread added: 0x000002171b16b940
Event: 4902.611 Thread 0x000002171b1656d0 Thread exited: 0x000002171b1656d0
Event: 4902.747 Thread 0x000002171b16b940 Thread exited: 0x000002171b16b940
Event: 4922.941 Thread 0x000002171b286160 Thread added: 0x000002171b1656d0
Event: 4923.011 Thread 0x000002171b1656d0 Thread added: 0x000002171b16b2b0
Event: 4928.032 Thread 0x000002171b1656d0 Thread exited: 0x000002171b1656d0
Event: 4928.467 Thread 0x000002171b16b2b0 Thread exited: 0x000002171b16b2b0
Event: 4952.356 Thread 0x000002171b286160 Thread added: 0x000002171b1656d0
Event: 4952.359 Thread 0x000002171b1656d0 Thread added: 0x000002171b16b940
Event: 4957.374 Thread 0x000002171b1656d0 Thread exited: 0x000002171b1656d0
Event: 4957.498 Thread 0x000002171b16b940 Thread exited: 0x000002171b16b940
Event: 5101.545 Thread 0x000002171b286160 Thread added: 0x000002171b1656d0
Event: 5101.642 Thread 0x000002171b1656d0 Thread added: 0x000002171b169f00
Event: 5106.662 Thread 0x000002171b1656d0 Thread exited: 0x000002171b1656d0
Event: 5107.060 Thread 0x000002171b169f00 Thread exited: 0x000002171b169f00


Dynamic libraries:
0x00007ff67fa90000 - 0x00007ff67fa9e000 	C:\Users\user\.jdks\ms-21.0.8\bin\java.exe
0x00007ffaf22c0000 - 0x00007ffaf2527000 	C:\WINDOWS\SYSTEM32\ntdll.dll
0x00007ffaf0a20000 - 0x00007ffaf0ae9000 	C:\WINDOWS\System32\KERNEL32.DLL
0x00007ffaeeed0000 - 0x00007ffaef2c1000 	C:\WINDOWS\System32\KERNELBASE.dll
0x00007ffaef2d0000 - 0x00007ffaef41b000 	C:\WINDOWS\System32\ucrtbase.dll
0x00007ffac4750000 - 0x00007ffac476e000 	C:\Users\user\.jdks\ms-21.0.8\bin\VCRUNTIME140.dll
0x00007ffac73a0000 - 0x00007ffac73b8000 	C:\Users\user\.jdks\ms-21.0.8\bin\jli.dll
0x00007ffaf0070000 - 0x00007ffaf0235000 	C:\WINDOWS\System32\USER32.dll
0x00007ffaef640000 - 0x00007ffaef667000 	C:\WINDOWS\System32\win32u.dll
0x00007ffaf1430000 - 0x00007ffaf145b000 	C:\WINDOWS\System32\GDI32.dll
0x00007ffaeeba0000 - 0x00007ffaeeccb000 	C:\WINDOWS\System32\gdi32full.dll
0x00007ffaef590000 - 0x00007ffaef633000 	C:\WINDOWS\System32\msvcp_win.dll
0x00007ffadc160000 - 0x00007ffadc3f3000 	C:\WINDOWS\WinSxS\amd64_microsoft.windows.common-controls_6595b64144ccf1df_6.0.26100.8037_none_3e092faae333b53b\COMCTL32.dll
0x00007ffaf0680000 - 0x00007ffaf0729000 	C:\WINDOWS\System32\msvcrt.dll
0x00007ffaf0730000 - 0x00007ffaf0761000 	C:\WINDOWS\System32\IMM32.DLL
0x00007ffade380000 - 0x00007ffade38c000 	C:\Users\user\.jdks\ms-21.0.8\bin\vcruntime140_1.dll
0x00007ffab4900000 - 0x00007ffab4989000 	C:\Users\user\.jdks\ms-21.0.8\bin\msvcp140.dll
0x00007ffaa8070000 - 0x00007ffaa8e1c000 	C:\Users\user\.jdks\ms-21.0.8\bin\server\jvm.dll
0x00007ffaf0240000 - 0x00007ffaf02fb000 	C:\WINDOWS\System32\ADVAPI32.dll
0x00007ffaf0c70000 - 0x00007ffaf0d17000 	C:\WINDOWS\System32\sechost.dll
0x00007ffaf0560000 - 0x00007ffaf0678000 	C:\WINDOWS\System32\RPCRT4.dll
0x00007ffaf1930000 - 0x00007ffaf19a4000 	C:\WINDOWS\System32\WS2_32.dll
0x00007ffaeea00000 - 0x00007ffaeea5e000 	C:\WINDOWS\SYSTEM32\POWRPROF.dll
0x00007ffae87e0000 - 0x00007ffae8815000 	C:\WINDOWS\SYSTEM32\WINMM.dll
0x00007ffae8850000 - 0x00007ffae885b000 	C:\WINDOWS\SYSTEM32\VERSION.dll
0x00007ffaee9e0000 - 0x00007ffaee9f4000 	C:\WINDOWS\SYSTEM32\UMPDC.dll
0x00007ffaed930000 - 0x00007ffaed94b000 	C:\WINDOWS\SYSTEM32\kernel.appcore.dll
0x00007ffaebe60000 - 0x00007ffaebe6a000 	C:\Users\user\.jdks\ms-21.0.8\bin\jimage.dll
0x00007ffaeca30000 - 0x00007ffaecc72000 	C:\WINDOWS\SYSTEM32\DBGHELP.DLL
0x00007ffaf1460000 - 0x00007ffaf17e2000 	C:\WINDOWS\System32\combase.dll
0x00007ffaf0e90000 - 0x00007ffaf0f67000 	C:\WINDOWS\System32\OLEAUT32.dll
0x00007ffad6290000 - 0x00007ffad62cb000 	C:\WINDOWS\SYSTEM32\dbgcore.DLL
0x00007ffaef4e0000 - 0x00007ffaef585000 	C:\WINDOWS\System32\bcryptPrimitives.dll
0x00007ffad8df0000 - 0x00007ffad8e00000 	C:\Users\user\.jdks\ms-21.0.8\bin\instrument.dll
0x00007ffac4900000 - 0x00007ffac4921000 	C:\Users\user\.jdks\ms-21.0.8\bin\java.dll
0x00007ffaf1b10000 - 0x00007ffaf226f000 	C:\WINDOWS\System32\SHELL32.dll
0x00007ffaeecd0000 - 0x00007ffaeee3a000 	C:\WINDOWS\System32\wintypes.dll
0x00007ffaef7f0000 - 0x00007ffaf0054000 	C:\WINDOWS\System32\windows.storage.dll
0x00007ffaf0af0000 - 0x00007ffaf0be7000 	C:\WINDOWS\System32\SHCORE.dll
0x00007ffaf0bf0000 - 0x00007ffaf0c57000 	C:\WINDOWS\System32\shlwapi.dll
0x00007ffaeeac0000 - 0x00007ffaeeae9000 	C:\WINDOWS\SYSTEM32\profapi.dll
0x00007ffab1710000 - 0x00007ffab17e6000 	C:\Users\user\.jdks\ms-21.0.8\bin\jsvml.dll
0x00007ffac18f0000 - 0x00007ffac1908000 	C:\Users\user\.jdks\ms-21.0.8\bin\zip.dll
0x00007ffac48e0000 - 0x00007ffac48f1000 	C:\Users\user\.jdks\ms-21.0.8\bin\net.dll
0x00007ffae4a90000 - 0x00007ffae4bb7000 	C:\WINDOWS\SYSTEM32\WINHTTP.dll
0x00007ffaedea0000 - 0x00007ffaedf0b000 	C:\WINDOWS\system32\mswsock.dll
0x00007ffac1910000 - 0x00007ffac1926000 	C:\Users\user\.jdks\ms-21.0.8\bin\nio.dll
0x00007ffaebe50000 - 0x00007ffaebe59000 	C:\Users\user\.jdks\ms-21.0.8\bin\extnet.dll
0x00007ffad8de0000 - 0x00007ffad8dee000 	C:\Users\user\.jdks\ms-21.0.8\bin\sunmscapi.dll
0x00007ffaef670000 - 0x00007ffaef7e7000 	C:\WINDOWS\System32\CRYPT32.dll
0x00007ffaee3a0000 - 0x00007ffaee3d0000 	C:\WINDOWS\SYSTEM32\ncrypt.dll
0x00007ffaee350000 - 0x00007ffaee38f000 	C:\WINDOWS\SYSTEM32\NTASN1.dll
0x00007ffaee180000 - 0x00007ffaee19b000 	C:\WINDOWS\SYSTEM32\CRYPTSP.dll
0x00007ffaed890000 - 0x00007ffaed8c9000 	C:\WINDOWS\system32\rsaenh.dll
0x00007ffaedf50000 - 0x00007ffaedf82000 	C:\WINDOWS\SYSTEM32\USERENV.dll
0x00007ffaeea90000 - 0x00007ffaeeaba000 	C:\WINDOWS\SYSTEM32\bcrypt.dll
0x00007ffaee1a0000 - 0x00007ffaee1ac000 	C:\WINDOWS\SYSTEM32\CRYPTBASE.dll
0x00007ffaed340000 - 0x00007ffaed373000 	C:\WINDOWS\SYSTEM32\IPHLPAPI.DLL
0x00007ffaf0060000 - 0x00007ffaf006a000 	C:\WINDOWS\System32\NSI.dll
0x00007ffad5c20000 - 0x00007ffad5c2a000 	C:\Users\user\.jdks\ms-21.0.8\bin\management.dll
0x00007ffad5c10000 - 0x00007ffad5c1c000 	C:\Users\user\.jdks\ms-21.0.8\bin\management_ext.dll
0x00007ffaf0870000 - 0x00007ffaf0878000 	C:\WINDOWS\System32\PSAPI.DLL
0x00007ffaed3d0000 - 0x00007ffaed4fa000 	C:\WINDOWS\SYSTEM32\DNSAPI.dll
0x00007ffae1940000 - 0x00007ffae194b000 	C:\Windows\System32\rasadhlp.dll
0x00007ffae3f40000 - 0x00007ffae3fc6000 	C:\WINDOWS\System32\fwpuclnt.dll
0x00007ffae9ec0000 - 0x00007ffae9ec8000 	C:\WINDOWS\system32\wshunix.dll

JVMTI agents:
C:\Program Files\JetBrains\IntelliJ IDEA Community Edition 2025.2.3\lib\idea_rt.jar path:C:\Users\user\.jdks\ms-21.0.8\bin\instrument.dll, loaded, initialized, instrumentlib options:64693

dbghelp: loaded successfully - version: 4.0.5 - missing functions: none
symbol engine: initialized successfully - sym options: 0x614 - pdb path: .;C:\Users\user\.jdks\ms-21.0.8\bin;C:\WINDOWS\SYSTEM32;C:\WINDOWS\WinSxS\amd64_microsoft.windows.common-controls_6595b64144ccf1df_6.0.26100.8037_none_3e092faae333b53b;C:\Users\user\.jdks\ms-21.0.8\bin\server

VM Arguments:
jvm_args: -javaagent:C:\Program Files\JetBrains\IntelliJ IDEA Community Edition 2025.2.3\lib\idea_rt.jar=64693 -Dfile.encoding=UTF-8 -Dsun.stdout.encoding=UTF-8 -Dsun.stderr.encoding=UTF-8 
java_command: com.lucky.disasterguard.DisasterguardApplication
java_class_path (initial): C:\Users\user\disasterguard\target\classes;C:\Users\user\.m2\repository\org\springframework\boot\spring-boot-starter-data-jpa\3.5.12\spring-boot-starter-data-jpa-3.5.12.jar;C:\Users\user\.m2\repository\org\springframework\boot\spring-boot-starter\3.5.12\spring-boot-starter-3.5.12.jar;C:\Users\user\.m2\repository\org\springframework\boot\spring-boot\3.5.12\spring-boot-3.5.12.jar;C:\Users\user\.m2\repository\org\springframework\boot\spring-boot-autoconfigure\3.5.12\spring-boot-autoconfigure-3.5.12.jar;C:\Users\user\.m2\repository\org\springframework\boot\spring-boot-starter-logging\3.5.12\spring-boot-starter-logging-3.5.12.jar;C:\Users\user\.m2\repository\ch\qos\logback\logback-classic\1.5.32\logback-classic-1.5.32.jar;C:\Users\user\.m2\repository\ch\qos\logback\logback-core\1.5.32\logback-core-1.5.32.jar;C:\Users\user\.m2\repository\org\apache\logging\log4j\log4j-to-slf4j\2.24.3\log4j-to-slf4j-2.24.3.jar;C:\Users\user\.m2\repository\org\apache\logging\log4j\log4j-api\2.24.3\log4j-api-2.24.3.jar;C:\Users\user\.m2\repository\org\slf4j\jul-to-slf4j\2.0.17\jul-to-slf4j-2.0.17.jar;C:\Users\user\.m2\repository\jakarta\annotation\jakarta.annotation-api\2.1.1\jakarta.annotation-api-2.1.1.jar;C:\Users\user\.m2\repository\org\yaml\snakeyaml\2.4\snakeyaml-2.4.jar;C:\Users\user\.m2\repository\org\springframework\boot\spring-boot-starter-jdbc\3.5.12\spring-boot-starter-jdbc-3.5.12.jar;C:\Users\user\.m2\repository\com\zaxxer\HikariCP\6.3.3\HikariCP-6.3.3.jar;C:\Users\user\.m2\repository\org\springframework\spring-jdbc\6.2.17\spring-jdbc-6.2.17.jar;C:\Users\user\.m2\repository\org\hibernate\orm\hibernate-core\6.6.44.Final\hibernate-core-6.6.44.Final.jar;C:\Users\user\.m2\repository\jakarta\persistence\jakarta.persistence-api\3.1.0\jakarta.persistence-api-3.1.0.jar;C:\Users\user\.m2\repository\jakarta\transaction\jakarta.transaction-api\2.0.1\jakarta.transaction-api-2.0.1.jar;C:\Users\user\.m2\repository\org\jboss\logging\jboss-logging\3.6.3.Final\jboss-logging-3.6.3.Final.jar;C:\Users\user\.m2\repository\org\hibernate\common\hibernate-commons-annotations\7.0.3.Final\hibernate-commons-annotations-7.0.3.Final.jar;C:\Users\user\.m2\repository\io\smallrye\jandex\3.2.0\jandex-3.2.0.jar;C:\Users\user\.m2\repository\com\fasterxml\classmate\1.7.3\classmate-1.7.3.jar;C:\Users\user\.m2\repository\net\bytebuddy\byte-buddy\1.17.8\byte-buddy-1.17.8.jar;C:\Users\user\.m2\repository\org\glassfish\jaxb\jaxb-runtime\4.0.6\jaxb-runtime-4.0.6.jar;C:\Users\user\.m2\repository\org\glassfish\jaxb\jaxb-core\4.0.6\jaxb-core-4.0.6.jar;C:\Users\user\.m2\repository\org\eclipse\angus\angus-activation\2.0.3\angus-activation-2.0.3.jar;C:\Users\user\.m2\repository\org\glassfish\jaxb\txw2\4.0.6\txw2-4.0.6.jar;C:\Users\user\.m2\repository\com\sun\istack\istack-commons-runtime\4.1.2\istack-commons-runtime-4.1.2.jar;C:\Users\user\.m2\repository\jakarta\inject\jakarta.inject-api\2.0.1\jakarta.inject-api-2.0.1.jar;C:\Users\user\.m2\repository\org\antlr\antlr4-runtime\4.13.0\antlr4-runtime-4.13.0.jar;C:\Users\user\.m2\repository\org\springframework\data\spring-data-jpa\3.5.10\spring-data-jpa-3.5.10.jar;C:\Users\user\.m2\repository\org\springframework\data\spring-data-commons\3.5.10\spring-data-commons-3.5.10.jar;C:\Users\user\.m2\repository\org\springframework\spring-orm\6.2.17\spring-orm-6.2.17.jar;C:\Users\user\.m2\repository\org\springframework\spring-context\6.2.17\spring-context-6.2.17.jar;C:\Users\user\.m2\repository\org\springframework\spring-aop\6.2.17\spring-aop-6.2.17.jar;C:\Users\user\.m2\repository\org\springframework\spring-tx\6.2.17\spring-tx-6.2.17.jar;C:\Users\user\.m2\repository\org\springframework\spring-beans\6.2.17\spring-beans-6.2.17.jar;C:\Users\user\.m2\repository\org\slf4j\slf4j-api\2.0.17\slf4j-api-2.0.17.jar;C:\Users\user\.m2\repository\org\springframework\spring-aspects\6.2.17\spring-aspects-6.2.17.jar;C:\Users\user\.m2\repository\org\aspectj\aspectjweaver\1.9.25.1\aspectjweaver-1.9.25.1.jar;C:\Users\user\.m2\repository\org\springframework\boot\spring-boot-starter-web\3.5.12\spring-boot-starter-web-3.5.12.jar;C:\Users\user\.m2\repository\org\springframework\boot\spring-boot-starter-json\3.5.12\spring-boot-starter-json-3.5.12.jar;C:\Users\user\.m2\repository\com\fasterxml\jackson\datatype\jackson-datatype-jdk8\2.19.4\jackson-datatype-jdk8-2.19.4.jar;C:\Users\user\.m2\repository\com\fasterxml\jackson\datatype\jackson-datatype-jsr310\2.19.4\jackson-datatype-jsr310-2.19.4.jar;C:\Users\user\.m2\repository\com\fasterxml\jackson\module\jackson-module-parameter-names\2.19.4\jackson-module-parameter-names-2.19.4.jar;C:\Users\user\.m2\repository\org\springframework\boot\spring-boot-starter-tomcat\3.5.12\spring-boot-starter-tomcat-3.5.12.jar;C:\Users\user\.m2\repository\org\apache\tomcat\embed\tomcat-embed-core\10.1.52\tomcat-embed-core-10.1.52.jar;C:\Users\user\.m2\repository\org\apache\tomcat\embed\tomcat-embed-el\10.1.52\tomcat-embed-el-10.1.52.jar;C:\Users\user\.m2\repository\org\apache\tomcat\embed\tomcat-embed-websocket\10.1.52\tomcat-embed-websocket-10.1.52.jar;C:\Users\user\.m2\repository\org\springframework\spring-web\6.2.17\spring-web-6.2.17.jar;C:\Users\user\.m2\repository\io\micrometer\micrometer-observation\1.15.10\micrometer-observation-1.15.10.jar;C:\Users\user\.m2\repository\io\micrometer\micrometer-commons\1.15.10\micrometer-commons-1.15.10.jar;C:\Users\user\.m2\repository\org\springframework\spring-webmvc\6.2.17\spring-webmvc-6.2.17.jar;C:\Users\user\.m2\repository\org\springframework\spring-expression\6.2.17\spring-expression-6.2.17.jar;C:\Users\user\.m2\repository\org\postgresql\postgresql\42.7.10\postgresql-42.7.10.jar;C:\Users\user\.m2\repository\org\checkerframework\checker-qual\3.52.0\checker-qual-3.52.0.jar;C:\Users\user\.m2\repository\org\projectlombok\lombok\1.18.44\lombok-1.18.44.jar;C:\Users\user\.m2\repository\jakarta\xml\bind\jakarta.xml.bind-api\4.0.4\jakarta.xml.bind-api-4.0.4.jar;C:\Users\user\.m2\repository\jakarta\activation\jakarta.activation-api\2.1.4\jakarta.activation-api-2.1.4.jar;C:\Users\user\.m2\repository\org\springframework\spring-core\6.2.17\spring-core-6.2.17.jar;C:\Users\user\.m2\repository\org\springframework\spring-jcl\6.2.17\spring-jcl-6.2.17.jar;C:\Users\user\.m2\repository\io\jsonwebtoken\jjwt-api\0.11.5\jjwt-api-0.11.5.jar;C:\Users\user\.m2\repository\io\jsonwebtoken\jjwt-impl\0.11.5\jjwt-impl-0.11.5.jar;C:\Users\user\.m2\repository\io\jsonwebtoken\jjwt-jackson\0.11.5\jjwt-jackson-0.11.5.jar;C:\Users\user\.m2\repository\com\fasterxml\jackson\core\jackson-databind\2.19.4\jackson-databind-2.19.4.jar;C:\Users\user\.m2\repository\com\fasterxml\jackson\core\jackson-annotations\2.19.4\jackson-annotations-2.19.4.jar;C:\Users\user\.m2\repository\com\fasterxml\jackson\core\jackson-core\2.19.4\jackson-core-2.19.4.jar
Launcher Type: SUN_STANDARD

[Global flags]
     intx CICompilerCount                          = 3                                         {product} {ergonomic}
     uint ConcGCThreads                            = 1                                         {product} {ergonomic}
     uint G1ConcRefinementThreads                  = 4                                         {product} {ergonomic}
   size_t G1HeapRegionSize                         = 1048576                                   {product} {ergonomic}
    uintx GCDrainStackTargetSize                   = 64                                        {product} {ergonomic}
   size_t InitialHeapSize                          = 58720256                                  {product} {ergonomic}
   size_t MarkStackSize                            = 4194304                                   {product} {ergonomic}
   size_t MaxHeapSize                              = 926941184                                 {product} {ergonomic}
   size_t MaxNewSize                               = 555745280                                 {product} {ergonomic}
   size_t MinHeapDeltaBytes                        = 1048576                                   {product} {ergonomic}
   size_t MinHeapSize                              = 8388608                                   {product} {ergonomic}
    uintx NonNMethodCodeHeapSize                   = 5832780                                {pd product} {ergonomic}
    uintx NonProfiledCodeHeapSize                  = 122912730                              {pd product} {ergonomic}
    uintx ProfiledCodeHeapSize                     = 122912730                              {pd product} {ergonomic}
    uintx ReservedCodeCacheSize                    = 251658240                              {pd product} {ergonomic}
     bool SegmentedCodeCache                       = true                                      {product} {ergonomic}
   size_t SoftMaxHeapSize                          = 926941184                              {manageable} {ergonomic}
     bool UseCompressedOops                        = true                           {product lp64_product} {ergonomic}
     bool UseG1GC                                  = true                                      {product} {ergonomic}
     bool UseLargePagesIndividualAllocation        = false                                  {pd product} {ergonomic}

Logging:
Log output configuration:
 #0: stdout all=warning uptime,level,tags foldmultilines=false
 #1: stderr all=off uptime,level,tags foldmultilines=false

Environment Variables:
JAVA_HOME=C:\Program Files\Java\jdk-21
PATH=C:\Python314\Scripts\;C:\Python314\;C:\Program Files\Java\jdk-21\bin;C:\Program Files\Common Files\Oracle\Java\javapath;C:\WINDOWS\system32;C:\WINDOWS;C:\WINDOWS\System32\Wbem;C:\WINDOWS\System32\WindowsPowerShell\v1.0\;C:\WINDOWS\System32\OpenSSH\;C:\Program Files\Git\cmd;C:\sqlite;C:\Users\user\apache-maven-3.9.12\bin;C:\Program Files\nodejs\;C:\ProgramData\chocolatey\bin;C:\Program Files\PowerShell\7\;C:\Program Files\Microsoft VS Code\bin;C:\Program Files\Java\jdk-21\bin;C:\Users\user\scoop\shims;C:\Users\user\AppData\Local\Microsoft\WindowsApps;C:\Users\user\AppData\Roaming\npm
USERNAME=user
OS=Windows_NT
PROCESSOR_IDENTIFIER=AMD64 Family 23 Model 24 Stepping 1, AuthenticAMD
TMP=C:\Users\user\AppData\Local\Temp
TEMP=C:\Users\user\AppData\Local\Temp




Periodic native trim disabled

---------------  S Y S T E M  ---------------

OS:
 Windows 11 , 64 bit Build 26100 (10.0.26100.7920)
OS uptime: 3 days 23:15 hours

CPU: total 4 (initial active 4) (4 cores per cpu, 2 threads per core) family 23 model 24 stepping 1 microcode 0x8108109, cx8, cmov, fxsr, ht, mmx, 3dnowpref, sse, sse2, sse3, ssse3, sse4a, sse4.1, sse4.2, popcnt, lzcnt, tsc, tscinvbit, avx, avx2, aes, clmul, bmi1, bmi2, adx, sha, fma, vzeroupper, clflush, clflushopt, rdtscp, f16c
Processor Information for the first 4 processors :
  Max Mhz: 2600, Current Mhz: 2600, Mhz Limit: 2600

Memory: 4k page, system-wide physical 3534M (277M free)
TotalPageFile size 14286M (AvailPageFile size 33M)
current process WorkingSet (physical memory assigned to process): 15M, peak: 251M
current process commit charge ("private bytes"): 253M, peak: 278M

vm_info: OpenJDK 64-Bit Server VM (21.0.8+9-LTS) for windows-amd64 JRE (21.0.8+9-LTS), built on 2025-07-10T20:22:44Z by "MicrosoftCorporation" with unknown MS VC++:1944

END.
